<?xml version="1.0" encoding="UTF-8"?>
<testng-results skipped="0" failed="0" ignored="0" total="5" passed="5">
  <reporter-output>
  </reporter-output>
  <suite name="Default suite" duration-ms="43404" started-at="2022-02-13T02:03:21 CST" finished-at="2022-02-13T02:04:04 CST">
    <groups>
      <group name="cucumber">
        <method signature="AbstractTestNGCucumberTests.runScenario(io.cucumber.testng.PickleWrapper, io.cucumber.testng.FeatureWrapper)[pri:0, instance:com.training.runner.TestRunner@4d50efb8]" name="runScenario" class="io.cucumber.testng.AbstractTestNGCucumberTests"/>
      </group> <!-- cucumber -->
    </groups>
    <test name="Default test" duration-ms="43404" started-at="2022-02-13T02:03:21 CST" finished-at="2022-02-13T02:04:04 CST">
      <class name="com.training.runner.TestRunner">
        <test-method status="PASS" signature="setUpClass(org.testng.ITestContext)[pri:0, instance:com.training.runner.TestRunner@4d50efb8]" name="setUpClass" is-config="true" duration-ms="215" started-at="2022-02-13T02:03:21 CST" finished-at="2022-02-13T02:03:21 CST">
          <params>
            <param index="0">
              <value>
                <![CDATA[org.testng.TestRunner@743c6ce4]]>
              </value>
            </param>
          </params>
          <reporter-output>
          </reporter-output>
        </test-method> <!-- setUpClass -->
        <test-method status="PASS" signature="runScenario(io.cucumber.testng.PickleWrapper, io.cucumber.testng.FeatureWrapper)[pri:0, instance:com.training.runner.TestRunner@4d50efb8]" name="runScenario" duration-ms="12168" started-at="2022-02-13T02:03:21 CST" description="Runs Cucumber Scenarios" data-provider="scenarios" finished-at="2022-02-13T02:03:33 CST">
          <params>
            <param index="0">
              <value>
                <![CDATA["Login with valid user and valid password"]]>
              </value>
            </param>
            <param index="1">
              <value>
                <![CDATA["Optional[Login into salesforce application]"]]>
              </value>
            </param>
          </params>
          <reporter-output>
          </reporter-output>
        </test-method> <!-- runScenario -->
        <test-method status="PASS" signature="runScenario(io.cucumber.testng.PickleWrapper, io.cucumber.testng.FeatureWrapper)[pri:0, instance:com.training.runner.TestRunner@4d50efb8]" name="runScenario" duration-ms="2388" started-at="2022-02-13T02:03:33 CST" description="Runs Cucumber Scenarios" data-provider="scenarios" finished-at="2022-02-13T02:03:35 CST">
          <params>
            <param index="0">
              <value>
                <![CDATA["Login with valid user and valid password"]]>
              </value>
            </param>
            <param index="1">
              <value>
                <![CDATA["Optional[Login into salesforce application]"]]>
              </value>
            </param>
          </params>
          <reporter-output>
          </reporter-output>
        </test-method> <!-- runScenario -->
        <test-method status="PASS" signature="runScenario(io.cucumber.testng.PickleWrapper, io.cucumber.testng.FeatureWrapper)[pri:0, instance:com.training.runner.TestRunner@4d50efb8]" name="runScenario" duration-ms="14834" started-at="2022-02-13T02:03:35 CST" description="Runs Cucumber Scenarios" data-provider="scenarios" finished-at="2022-02-13T02:03:50 CST">
          <params>
            <param index="0">
              <value>
                <![CDATA["Login with valid user and valid password"]]>
              </value>
            </param>
            <param index="1">
              <value>
                <![CDATA["Optional[Login into salesforce application]"]]>
              </value>
            </param>
          </params>
          <reporter-output>
          </reporter-output>
        </test-method> <!-- runScenario -->
        <test-method status="PASS" signature="runScenario(io.cucumber.testng.PickleWrapper, io.cucumber.testng.FeatureWrapper)[pri:0, instance:com.training.runner.TestRunner@4d50efb8]" name="runScenario" duration-ms="6945" started-at="2022-02-13T02:03:50 CST" description="Runs Cucumber Scenarios" data-provider="scenarios" finished-at="2022-02-13T02:03:57 CST">
          <params>
            <param index="0">
              <value>
                <![CDATA["Login with valid user and valid password"]]>
              </value>
            </param>
            <param index="1">
              <value>
                <![CDATA["Optional[Login into salesforce application]"]]>
              </value>
            </param>
          </params>
          <reporter-output>
          </reporter-output>
        </test-method> <!-- runScenario -->
        <test-method status="PASS" signature="runScenario(io.cucumber.testng.PickleWrapper, io.cucumber.testng.FeatureWrapper)[pri:0, instance:com.training.runner.TestRunner@4d50efb8]" name="runScenario" duration-ms="6799" started-at="2022-02-13T02:03:57 CST" description="Runs Cucumber Scenarios" data-provider="scenarios" finished-at="2022-02-13T02:04:04 CST">
          <params>
            <param index="0">
              <value>
                <![CDATA["Login with valid user and valid password"]]>
              </value>
            </param>
            <param index="1">
              <value>
                <![CDATA["Optional[Login into salesforce application]"]]>
              </value>
            </param>
          </params>
          <reporter-output>
          </reporter-output>
        </test-method> <!-- runScenario -->
        <test-method status="PASS" signature="tearDownClass()[pri:0, instance:com.training.runner.TestRunner@4d50efb8]" name="tearDownClass" is-config="true" duration-ms="12" started-at="2022-02-13T02:04:04 CST" finished-at="2022-02-13T02:04:04 CST">
          <reporter-output>
          </reporter-output>
        </test-method> <!-- tearDownClass -->
      </class> <!-- com.training.runner.TestRunner -->
    </test> <!-- Default test -->
  </suite> <!-- Default suite -->
</testng-results>
